<?xml version="1.0" encoding="UTF-8"?>
<testng-results ignored="0" total="2" passed="2" failed="0" skipped="0">
  <reporter-output>
  </reporter-output>
  <suite started-at="2024-03-02T17:39:25Z" name="Surefire suite" finished-at="2024-03-02T17:39:50Z" duration-ms="25684">
    <groups>
    </groups>
    <test started-at="2024-03-02T17:39:25Z" name="Surefire test" finished-at="2024-03-02T17:39:50Z" duration-ms="25684">
      <class name="testcases.LoginTest">
        <test-method is-config="true" signature="SetUp()[pri:0, instance:testcases.LoginTest@59474f18]" started-at="2024-03-02T17:39:25Z" name="SetUp" finished-at="2024-03-02T17:39:28Z" duration-ms="3079" status="PASS">
          <reporter-output>
          </reporter-output>
        </test-method> <!-- SetUp -->
        <test-method signature="LoginFailiureTest()[pri:0, instance:testcases.LoginTest@59474f18]" started-at="2024-03-02T17:39:28Z" name="LoginFailiureTest" finished-at="2024-03-02T17:39:39Z" duration-ms="11295" status="PASS">
          <reporter-output>
          </reporter-output>
        </test-method> <!-- LoginFailiureTest -->
        <test-method is-config="true" signature="TearDown()[pri:0, instance:testcases.LoginTest@59474f18]" started-at="2024-03-02T17:39:39Z" name="TearDown" finished-at="2024-03-02T17:39:39Z" duration-ms="84" status="PASS">
          <reporter-output>
          </reporter-output>
        </test-method> <!-- TearDown -->
        <test-method is-config="true" signature="SetUp()[pri:0, instance:testcases.LoginTest@59474f18]" started-at="2024-03-02T17:39:39Z" name="SetUp" finished-at="2024-03-02T17:39:41Z" duration-ms="1991" status="PASS">
          <reporter-output>
          </reporter-output>
        </test-method> <!-- SetUp -->
        <test-method signature="LoginSuccessTest()[pri:0, instance:testcases.LoginTest@59474f18]" started-at="2024-03-02T17:39:41Z" name="LoginSuccessTest" finished-at="2024-03-02T17:39:50Z" duration-ms="9132" status="PASS">
          <reporter-output>
          </reporter-output>
        </test-method> <!-- LoginSuccessTest -->
        <test-method is-config="true" signature="TearDown()[pri:0, instance:testcases.LoginTest@59474f18]" started-at="2024-03-02T17:39:50Z" name="TearDown" finished-at="2024-03-02T17:39:50Z" duration-ms="80" status="PASS">
          <reporter-output>
          </reporter-output>
        </test-method> <!-- TearDown -->
      </class> <!-- testcases.LoginTest -->
    </test> <!-- Surefire test -->
  </suite> <!-- Surefire suite -->
</testng-results>
