<?xml version="1.0" encoding="UTF-8"?>
<testng-results ignored="0" total="2" passed="2" failed="0" skipped="0">
  <reporter-output>
  </reporter-output>
  <suite started-at="2024-03-10T15:40:39Z" name="Suite" finished-at="2024-03-10T15:41:03Z" duration-ms="23565">
    <groups>
    </groups>
    <test started-at="2024-03-10T15:40:39Z" name="Test" finished-at="2024-03-10T15:41:03Z" duration-ms="23565">
      <class name="testcases.LoginTest">
        <test-method is-config="true" signature="SetUp()[pri:0, instance:testcases.LoginTest@11f0a5a1]" started-at="2024-03-10T15:40:39Z" name="SetUp" finished-at="2024-03-10T15:40:45Z" duration-ms="6111" status="PASS">
          <reporter-output>
          </reporter-output>
        </test-method> <!-- SetUp -->
        <test-method is-config="true" signature="SetUp()[pri:0, instance:testcases.LoginTest@11f0a5a1]" started-at="2024-03-10T15:40:39Z" name="SetUp" finished-at="2024-03-10T15:40:45Z" duration-ms="5914" status="PASS">
          <reporter-output>
          </reporter-output>
        </test-method> <!-- SetUp -->
        <test-method signature="LoginFailiureTest()[pri:0, instance:testcases.LoginTest@11f0a5a1]" started-at="2024-03-10T15:40:45Z" name="LoginFailiureTest" finished-at="2024-03-10T15:40:59Z" duration-ms="13740" status="PASS">
          <reporter-output>
          </reporter-output>
        </test-method> <!-- LoginFailiureTest -->
        <test-method signature="LoginSuccessTest()[pri:0, instance:testcases.LoginTest@11f0a5a1]" started-at="2024-03-10T15:40:45Z" name="LoginSuccessTest" finished-at="2024-03-10T15:41:02Z" duration-ms="17337" status="PASS">
          <reporter-output>
          </reporter-output>
        </test-method> <!-- LoginSuccessTest -->
        <test-method is-config="true" signature="TearDown()[pri:0, instance:testcases.LoginTest@11f0a5a1]" started-at="2024-03-10T15:40:59Z" name="TearDown" finished-at="2024-03-10T15:40:59Z" duration-ms="69" status="PASS">
          <reporter-output>
          </reporter-output>
        </test-method> <!-- TearDown -->
        <test-method is-config="true" signature="TearDown()[pri:0, instance:testcases.LoginTest@11f0a5a1]" started-at="2024-03-10T15:41:02Z" name="TearDown" finished-at="2024-03-10T15:41:03Z" duration-ms="91" status="PASS">
          <reporter-output>
          </reporter-output>
        </test-method> <!-- TearDown -->
      </class> <!-- testcases.LoginTest -->
    </test> <!-- Test -->
  </suite> <!-- Suite -->
</testng-results>
